[2026-02-20] Process Log - Search and Download Kissing Number Paper
================================================================

[START] Reading SCMP report to identify the paper...
- Paper topic: Kissing number problem, PackingStar reinforcement learning system
- Authors: Researchers from Peking University, Fudan University, SAIS
- Published: arXiv, November 2025
- Key term: "PackingStar"

[STEP 1] Searching arXiv for the paper...
- FOUND: arXiv:2511.13391
- Title: "Finding Kissing Numbers with Game-theoretic Reinforcement Learning"
- URL: https://arxiv.org/abs/2511.13391

[STEP 2] Downloading HTML version from arXiv...
- Created /paper subfolder
- Downloaded HTML from https://arxiv.org/html/2511.13391v1
- Saved as: KissingNumber/paper/2511.13391.html
- File size: 151,368 bytes (148 KB)
- Verified: HTML starts with correct title "Finding Kissing Numbers with Game-theoretic Reinforcement Learning"

[DONE] All steps completed successfully.
- Paper located: arXiv:2511.13391
- Format: HTML
- Location: KissingNumber/paper/2511.13391.html
